This is pdfTeX, Version 3.141592653-2.6-1.40.25 (MiKTeX 24.1) (preloaded format=pdflatex 2025.10.30)  19 NOV 2025 20:50
entering extended mode
 restricted \write18 enabled.
 %&-line parsing enabled.
**./documentacion.tex
(documentacion.tex
LaTeX2e <2023-11-01> patch level 1
L3 programming layer <2024-01-04>
(C:\Users\ruvia\AppData\Local\Programs\MiKTeX\tex/latex/base\article.cls
Document Class: article 2023/05/17 v1.4n Standard LaTeX document class
(C:\Users\ruvia\AppData\Local\Programs\MiKTeX\tex/latex/base\size12.clo
File: size12.clo 2023/05/17 v1.4n Standard LaTeX file (size option)
)
\c@part=\count187
\c@section=\count188
\c@subsection=\count189
\c@subsubsection=\count190
\c@paragraph=\count191
\c@subparagraph=\count192
\c@figure=\count193
\c@table=\count194
\abovecaptionskip=\skip48
\belowcaptionskip=\skip49
\bibindent=\dimen140
)
(C:\Users\ruvia\AppData\Local\Programs\MiKTeX\tex/latex/base\inputenc.sty
Package: inputenc 2021/02/14 v1.3d Input encoding file
\inpenc@prehook=\toks17
\inpenc@posthook=\toks18
)
(C:\Users\ruvia\AppData\Local\Programs\MiKTeX\tex/generic/babel\babel.sty
Package: babel 2024/01/07 v24.1 The Babel package
\babel@savecnt=\count195
\U@D=\dimen141
\l@unhyphenated=\language79

(C:\Users\ruvia\AppData\Local\Programs\MiKTeX\tex/generic/babel\txtbabel.def)
\bbl@readstream=\read2
\bbl@dirlevel=\count196

*************************************
* Local config file bblopts.cfg used
*
(C:\Users\ruvia\AppData\Local\Programs\MiKTeX\tex/latex/arabi\bblopts.cfg
File: bblopts.cfg 2005/09/08 v0.1 add Arabic and Farsi to "declared" options of
 babel
)
(C:\Users\ruvia\AppData\Local\Programs\MiKTeX\tex/latex/babel-spanish\spanish.l
df
Language: spanish.ldf 2021/05/27 v5.0q Spanish support from the babel system
\es@quottoks=\toks19
\es@quotdepth=\count197
Package babel Info: Making " an active character on input line 570.
Package babel Info: Making . an active character on input line 675.
Package babel Info: Making < an active character on input line 722.
Package babel Info: Making > an active character on input line 722.
))
(C:\Users\ruvia\AppData\Local\Programs\MiKTeX\tex/generic/babel/locale/es\babel
-spanish.tex
Package babel Info: Importing font and identification data for spanish
(babel)             from babel-es.ini. Reported on input line 11.
)
(C:\Users\ruvia\AppData\Local\Programs\MiKTeX\tex/latex/graphics\graphicx.sty
Package: graphicx 2021/09/16 v1.2d Enhanced LaTeX Graphics (DPC,SPQR)

(C:\Users\ruvia\AppData\Local\Programs\MiKTeX\tex/latex/graphics\keyval.sty
Package: keyval 2022/05/29 v1.15 key=value parser (DPC)
\KV@toks@=\toks20
)
(C:\Users\ruvia\AppData\Local\Programs\MiKTeX\tex/latex/graphics\graphics.sty
Package: graphics 2022/03/10 v1.4e Standard LaTeX Graphics (DPC,SPQR)

(C:\Users\ruvia\AppData\Local\Programs\MiKTeX\tex/latex/graphics\trig.sty
Package: trig 2021/08/11 v1.11 sin cos tan (DPC)
)
(C:\Users\ruvia\AppData\Local\Programs\MiKTeX\tex/latex/graphics-cfg\graphics.c
fg
File: graphics.cfg 2016/06/04 v1.11 sample graphics configuration
)
Package graphics Info: Driver file: pdftex.def on input line 107.

(C:\Users\ruvia\AppData\Local\Programs\MiKTeX\tex/latex/graphics-def\pdftex.def
File: pdftex.def 2022/09/22 v1.2b Graphics/color driver for pdftex
))
\Gin@req@height=\dimen142
\Gin@req@width=\dimen143
)
(C:\Users\ruvia\AppData\Local\Programs\MiKTeX\tex/latex/geometry\geometry.sty
Package: geometry 2020/01/02 v5.9 Page Geometry

(C:\Users\ruvia\AppData\Local\Programs\MiKTeX\tex/generic/iftex\ifvtex.sty
Package: ifvtex 2019/10/25 v1.7 ifvtex legacy package. Use iftex instead.

(C:\Users\ruvia\AppData\Local\Programs\MiKTeX\tex/generic/iftex\iftex.sty
Package: iftex 2022/02/03 v1.0f TeX engine tests
))
\Gm@cnth=\count198
\Gm@cntv=\count199
\c@Gm@tempcnt=\count266
\Gm@bindingoffset=\dimen144
\Gm@wd@mp=\dimen145
\Gm@odd@mp=\dimen146
\Gm@even@mp=\dimen147
\Gm@layoutwidth=\dimen148
\Gm@layoutheight=\dimen149
\Gm@layouthoffset=\dimen150
\Gm@layoutvoffset=\dimen151
\Gm@dimlist=\toks21

(C:\Users\ruvia\AppData\Local\Programs\MiKTeX\tex/latex/geometry\geometry.cfg))
(C:\Users\ruvia\AppData\Local\Programs\MiKTeX\tex/latex/fancyhdr\fancyhdr.sty
Package: fancyhdr 2025/02/07 v5.2 Extensive control of page headers and footers

\f@nch@headwidth=\skip50
\f@nch@offset@elh=\skip51
\f@nch@offset@erh=\skip52
\f@nch@offset@olh=\skip53
\f@nch@offset@orh=\skip54
\f@nch@offset@elf=\skip55
\f@nch@offset@erf=\skip56
\f@nch@offset@olf=\skip57
\f@nch@offset@orf=\skip58
\f@nch@height=\skip59
\f@nch@footalignment=\skip60
\f@nch@widthL=\skip61
\f@nch@widthC=\skip62
\f@nch@widthR=\skip63
\@temptokenb=\toks22
)
(C:\Users\ruvia\AppData\Local\Programs\MiKTeX\tex/latex/titlesec\titlesec.sty
Package: titlesec 2025/01/04 v2.17 Sectioning titles
\ttl@box=\box51
\beforetitleunit=\skip64
\aftertitleunit=\skip65
\ttl@plus=\dimen152
\ttl@minus=\dimen153
\ttl@toksa=\toks23
\titlewidth=\dimen154
\titlewidthlast=\dimen155
\titlewidthfirst=\dimen156
)
(C:\Users\ruvia\AppData\Local\Programs\MiKTeX\tex/latex/hyperref\hyperref.sty
Package: hyperref 2023-11-26 v7.01g Hypertext links for LaTeX

(C:\Users\ruvia\AppData\Local\Programs\MiKTeX\tex/generic/infwarerr\infwarerr.s
ty
Package: infwarerr 2019/12/03 v1.5 Providing info/warning/error messages (HO)
)
(C:\Users\ruvia\AppData\Local\Programs\MiKTeX\tex/latex/kvsetkeys\kvsetkeys.sty
Package: kvsetkeys 2022-10-05 v1.19 Key value parser (HO)
)
(C:\Users\ruvia\AppData\Local\Programs\MiKTeX\tex/generic/kvdefinekeys\kvdefine
keys.sty
Package: kvdefinekeys 2019-12-19 v1.6 Define keys (HO)
)
(C:\Users\ruvia\AppData\Local\Programs\MiKTeX\tex/generic/pdfescape\pdfescape.s
ty
Package: pdfescape 2019/12/09 v1.15 Implements pdfTeX's escape features (HO)

(C:\Users\ruvia\AppData\Local\Programs\MiKTeX\tex/generic/ltxcmds\ltxcmds.sty
Package: ltxcmds 2023-12-04 v1.26 LaTeX kernel commands for general use (HO)
)
(C:\Users\ruvia\AppData\Local\Programs\MiKTeX\tex/generic/pdftexcmds\pdftexcmds
.sty
Package: pdftexcmds 2020-06-27 v0.33 Utility functions of pdfTeX for LuaTeX (HO
)
Package pdftexcmds Info: \pdf@primitive is available.
Package pdftexcmds Info: \pdf@ifprimitive is available.
Package pdftexcmds Info: \pdfdraftmode found.
))
(C:\Users\ruvia\AppData\Local\Programs\MiKTeX\tex/latex/hycolor\hycolor.sty
Package: hycolor 2020-01-27 v1.10 Color options for hyperref/bookmark (HO)
)
(C:\Users\ruvia\AppData\Local\Programs\MiKTeX\tex/latex/letltxmacro\letltxmacro
.sty
Package: letltxmacro 2019/12/03 v1.6 Let assignment for LaTeX macros (HO)
)
(C:\Users\ruvia\AppData\Local\Programs\MiKTeX\tex/latex/auxhook\auxhook.sty
Package: auxhook 2019-12-17 v1.6 Hooks for auxiliary files (HO)
)
(C:\Users\ruvia\AppData\Local\Programs\MiKTeX\tex/latex/hyperref\nameref.sty
Package: nameref 2023-11-26 v2.56 Cross-referencing by name of section

(C:\Users\ruvia\AppData\Local\Programs\MiKTeX\tex/latex/refcount\refcount.sty
Package: refcount 2019/12/15 v3.6 Data extraction from label references (HO)
)
(C:\Users\ruvia\AppData\Local\Programs\MiKTeX\tex/generic/gettitlestring\gettit
lestring.sty
Package: gettitlestring 2019/12/15 v1.6 Cleanup title references (HO)

(C:\Users\ruvia\AppData\Local\Programs\MiKTeX\tex/latex/kvoptions\kvoptions.sty
Package: kvoptions 2022-06-15 v3.15 Key value format for package options (HO)
))
\c@section@level=\count267
)
(C:\Users\ruvia\AppData\Local\Programs\MiKTeX\tex/latex/etoolbox\etoolbox.sty
Package: etoolbox 2020/10/05 v2.5k e-TeX tools for LaTeX (JAW)
\etb@tempcnta=\count268
)
\@linkdim=\dimen157
\Hy@linkcounter=\count269
\Hy@pagecounter=\count270

(C:\Users\ruvia\AppData\Local\Programs\MiKTeX\tex/latex/hyperref\pd1enc.def
File: pd1enc.def 2023-11-26 v7.01g Hyperref: PDFDocEncoding definition (HO)
Now handling font encoding PD1 ...
... no UTF-8 mapping file for font encoding PD1
)
(C:\Users\ruvia\AppData\Local\Programs\MiKTeX\tex/generic/intcalc\intcalc.sty
Package: intcalc 2019/12/15 v1.3 Expandable calculations with integers (HO)
)
\Hy@SavedSpaceFactor=\count271

(C:\Users\ruvia\AppData\Local\Programs\MiKTeX\tex/latex/hyperref\puenc.def
File: puenc.def 2023-11-26 v7.01g Hyperref: PDF Unicode definition (HO)
Now handling font encoding PU ...
... no UTF-8 mapping file for font encoding PU
)
Package hyperref Info: Hyper figures OFF on input line 4181.
Package hyperref Info: Link nesting OFF on input line 4186.
Package hyperref Info: Hyper index ON on input line 4189.
Package hyperref Info: Plain pages OFF on input line 4196.
Package hyperref Info: Backreferencing OFF on input line 4201.
Package hyperref Info: Implicit mode ON; LaTeX internals redefined.
Package hyperref Info: Bookmarks ON on input line 4448.
\c@Hy@tempcnt=\count272

(C:\Users\ruvia\AppData\Local\Programs\MiKTeX\tex/latex/url\url.sty
\Urlmuskip=\muskip16
Package: url 2013/09/16  ver 3.4  Verb mode for urls, etc.
)
LaTeX Info: Redefining \url on input line 4786.
\XeTeXLinkMargin=\dimen158

(C:\Users\ruvia\AppData\Local\Programs\MiKTeX\tex/generic/bitset\bitset.sty
Package: bitset 2019/12/09 v1.3 Handle bit-vector datatype (HO)

(C:\Users\ruvia\AppData\Local\Programs\MiKTeX\tex/generic/bigintcalc\bigintcalc
.sty
Package: bigintcalc 2019/12/15 v1.5 Expandable calculations on big integers (HO
)
))
\Fld@menulength=\count273
\Field@Width=\dimen159
\Fld@charsize=\dimen160
Package hyperref Info: Hyper figures OFF on input line 6065.
Package hyperref Info: Link nesting OFF on input line 6070.
Package hyperref Info: Hyper index ON on input line 6073.
Package hyperref Info: backreferencing OFF on input line 6080.
Package hyperref Info: Link coloring OFF on input line 6085.
Package hyperref Info: Link coloring with OCG OFF on input line 6090.
Package hyperref Info: PDF/A mode OFF on input line 6095.

(C:\Users\ruvia\AppData\Local\Programs\MiKTeX\tex/latex/base\atbegshi-ltx.sty
Package: atbegshi-ltx 2021/01/10 v1.0c Emulation of the original atbegshi
package with kernel methods
)
\Hy@abspage=\count274
\c@Item=\count275
\c@Hfootnote=\count276
)
Package hyperref Info: Driver (autodetected): hpdftex.
(C:\Users\ruvia\AppData\Local\Programs\MiKTeX\tex/latex/hyperref\hpdftex.def
File: hpdftex.def 2023-11-26 v7.01g Hyperref driver for pdfTeX

(C:\Users\ruvia\AppData\Local\Programs\MiKTeX\tex/latex/base\atveryend-ltx.sty
Package: atveryend-ltx 2020/08/19 v1.0a Emulation of the original atveryend pac
kage
with kernel methods
)
\Fld@listcount=\count277
\c@bookmark@seq@number=\count278

(C:\Users\ruvia\AppData\Local\Programs\MiKTeX\tex/latex/rerunfilecheck\rerunfil
echeck.sty
Package: rerunfilecheck 2025-06-21 v1.11 Rerun checks for auxiliary files (HO)

(C:\Users\ruvia\AppData\Local\Programs\MiKTeX\tex/generic/uniquecounter\uniquec
ounter.sty
Package: uniquecounter 2019/12/15 v1.4 Provide unlimited unique counter (HO)
)
Package uniquecounter Info: New unique counter `rerunfilecheck' on input line 2
84.
)
\Hy@SectionHShift=\skip66
)
(C:\Users\ruvia\AppData\Local\Programs\MiKTeX\tex/latex/enumitem\enumitem.sty
Package: enumitem 2025/02/06 v3.11 Customized lists
\labelindent=\skip67
\enit@outerparindent=\dimen161
\enit@toks=\toks24
\enit@inbox=\box52
\enit@count@id=\count279
\enitdp@description=\count280
)
(C:\Users\ruvia\AppData\Local\Programs\MiKTeX\tex/latex/xcolor\xcolor.sty
Package: xcolor 2023/11/15 v3.01 LaTeX color extensions (UK)

(C:\Users\ruvia\AppData\Local\Programs\MiKTeX\tex/latex/graphics-cfg\color.cfg
File: color.cfg 2016/01/02 v1.6 sample color configuration
)
Package xcolor Info: Driver file: pdftex.def on input line 274.
(C:\Users\ruvia\AppData\Local\Programs\MiKTeX\tex/latex/graphics\mathcolor.ltx)
Package xcolor Info: Model `cmy' substituted by `cmy0' on input line 1350.
Package xcolor Info: Model `hsb' substituted by `rgb' on input line 1354.
Package xcolor Info: Model `RGB' extended on input line 1366.
Package xcolor Info: Model `HTML' substituted by `rgb' on input line 1368.
Package xcolor Info: Model `Hsb' substituted by `hsb' on input line 1369.
Package xcolor Info: Model `tHsb' substituted by `hsb' on input line 1370.
Package xcolor Info: Model `HSB' substituted by `hsb' on input line 1371.
Package xcolor Info: Model `Gray' substituted by `gray' on input line 1372.
Package xcolor Info: Model `wave' substituted by `hsb' on input line 1373.
) (C:\Users\ruvia\AppData\Local\Programs\MiKTeX\tex/latex/listings\listings.sty
\lst@mode=\count281
\lst@gtempboxa=\box53
\lst@token=\toks25
\lst@length=\count282
\lst@currlwidth=\dimen162
\lst@column=\count283
\lst@pos=\count284
\lst@lostspace=\dimen163
\lst@width=\dimen164
\lst@newlines=\count285
\lst@lineno=\count286
\lst@maxwidth=\dimen165
(C:\Users\ruvia\AppData\Local\Programs\MiKTeX\tex/latex/listings\lstmisc.sty
File: lstmisc.sty 2023/02/27 1.9 (Carsten Heinz)
\c@lstnumber=\count287
\lst@skipnumbers=\count288
\lst@framebox=\box54
)
(C:\Users\ruvia\AppData\Local\Programs\MiKTeX\tex/latex/listings\listings.cfg
File: listings.cfg 2023/02/27 1.9 listings configuration
))
Package: listings 2023/02/27 1.9 (Carsten Heinz)
(C:\Users\ruvia\AppData\Local\Programs\MiKTeX\tex/latex/float\float.sty
Package: float 2001/11/08 v1.3d Float enhancements (AL)
\c@float@type=\count289
\float@exts=\toks26
\float@box=\box55
\@float@everytoks=\toks27
\@floatcapt=\box56
)
(C:\Users\ruvia\AppData\Local\Programs\MiKTeX\tex/latex/tools\longtable.sty
Package: longtable 2023-11-01 v4.19 Multi-page Table package (DPC)
\LTleft=\skip68
\LTright=\skip69
\LTpre=\skip70
\LTpost=\skip71
\LTchunksize=\count290
\LTcapwidth=\dimen166
\LT@head=\box57
\LT@firsthead=\box58
\LT@foot=\box59
\LT@lastfoot=\box60
\LT@gbox=\box61
\LT@cols=\count291
\LT@rows=\count292
\c@LT@tables=\count293
\c@LT@chunks=\count294
\LT@p@ftn=\toks28
)
(C:\Users\ruvia\AppData\Local\Programs\MiKTeX\tex/latex/tools\array.sty
Package: array 2023/10/16 v2.5g Tabular extension package (FMi)
\col@sep=\dimen167
\ar@mcellbox=\box62
\extrarowheight=\dimen168
\NC@list=\toks29
\extratabsurround=\skip72
\backup@length=\skip73
\ar@cellbox=\box63
)
(C:\Users\ruvia\AppData\Local\Programs\MiKTeX\tex/latex/tools\tabularx.sty
Package: tabularx 2023/07/08 v2.11c `tabularx' package (DPC)
\TX@col@width=\dimen169
\TX@old@table=\dimen170
\TX@old@col=\dimen171
\TX@target=\dimen172
\TX@delta=\dimen173
\TX@cols=\count295
\TX@ftn=\toks30
)
Package hyperref Info: Option `colorlinks' set `true' on input line 48.

(C:\Users\ruvia\AppData\Local\Programs\MiKTeX\tex/latex/l3backend\l3backend-pdf
tex.def
File: l3backend-pdftex.def 2024-01-04 L3 backend support: PDF output (pdfTeX)
\l__color_backend_stack_int=\count296
\l__pdf_internal_box=\box64
) (documentacion.aux)
\openout1 = `documentacion.aux'.

LaTeX Font Info:    Checking defaults for OML/cmm/m/it on input line 50.
LaTeX Font Info:    ... okay on input line 50.
LaTeX Font Info:    Checking defaults for OMS/cmsy/m/n on input line 50.
LaTeX Font Info:    ... okay on input line 50.
LaTeX Font Info:    Checking defaults for OT1/cmr/m/n on input line 50.
LaTeX Font Info:    ... okay on input line 50.
LaTeX Font Info:    Checking defaults for T1/cmr/m/n on input line 50.
LaTeX Font Info:    ... okay on input line 50.
LaTeX Font Info:    Checking defaults for TS1/cmr/m/n on input line 50.
LaTeX Font Info:    ... okay on input line 50.
LaTeX Font Info:    Checking defaults for OMX/cmex/m/n on input line 50.
LaTeX Font Info:    ... okay on input line 50.
LaTeX Font Info:    Checking defaults for U/cmr/m/n on input line 50.
LaTeX Font Info:    ... okay on input line 50.
LaTeX Font Info:    Checking defaults for PD1/pdf/m/n on input line 50.
LaTeX Font Info:    ... okay on input line 50.
LaTeX Font Info:    Checking defaults for PU/pdf/m/n on input line 50.
LaTeX Font Info:    ... okay on input line 50.
LaTeX Info: Redefining \. on input line 50.
LaTeX Info: Redefining \% on input line 50.

(C:\Users\ruvia\AppData\Local\Programs\MiKTeX\tex/context/base/mkii\supp-pdf.mk
ii
[Loading MPS to PDF converter (version 2006.09.02).]
\scratchcounter=\count297
\scratchdimen=\dimen174
\scratchbox=\box65
\nofMPsegments=\count298
\nofMParguments=\count299
\everyMPshowfont=\toks31
\MPscratchCnt=\count300
\MPscratchDim=\dimen175
\MPnumerator=\count301
\makeMPintoPDFobject=\count302
\everyMPtoPDFconversion=\toks32
)
(C:\Users\ruvia\AppData\Local\Programs\MiKTeX\tex/latex/epstopdf-pkg\epstopdf-b
ase.sty
Package: epstopdf-base 2020-01-24 v2.11 Base part for package epstopdf
Package epstopdf-base Info: Redefining graphics rule for `.eps' on input line 4
85.

(C:\Users\ruvia\AppData\Local\Programs\MiKTeX\tex/latex/00miktex\epstopdf-sys.c
fg
File: epstopdf-sys.cfg 2021/03/18 v2.0 Configuration of epstopdf for MiKTeX
))
*geometry* driver: auto-detecting
*geometry* detected driver: pdftex
*geometry* verbose mode - [ preamble ] result:
* driver: pdftex
* paper: a4paper
* layout: <same size as paper>
* layoutoffset:(h,v)=(0.0pt,0.0pt)
* modes: 
* h-part:(L,W,R)=(71.13188pt, 455.24411pt, 71.13188pt)
* v-part:(T,H,B)=(85.35826pt, 674.33032pt, 85.35826pt)
* \paperwidth=597.50787pt
* \paperheight=845.04684pt
* \textwidth=455.24411pt
* \textheight=674.33032pt
* \oddsidemargin=-1.1381pt
* \evensidemargin=-1.1381pt
* \topmargin=-26.91173pt
* \headheight=15.0pt
* \headsep=25.0pt
* \topskip=12.0pt
* \footskip=30.0pt
* \marginparwidth=35.0pt
* \marginparsep=10.0pt
* \columnsep=10.0pt
* \skip\footins=10.8pt plus 4.0pt minus 2.0pt
* \hoffset=0.0pt
* \voffset=0.0pt
* \mag=1000
* \@twocolumnfalse
* \@twosidefalse
* \@mparswitchfalse
* \@reversemarginfalse
* (1in=72.27pt=25.4mm, 1cm=28.453pt)

Package hyperref Info: Link coloring ON on input line 50.
(documentacion.out) (documentacion.out)
\@outlinefile=\write3
\openout3 = `documentacion.out'.

\c@lstlisting=\count303
 [1

{C:/Users/ruvia/AppData/Local/MiKTeX/fonts/map/pdftex/pdftex.map}] (documentaci
on.toc
LaTeX Info: Redefining \. on input line 1.
LaTeX Info: Redefining \% on input line 1.
LaTeX Font Info:    External font `cmex10' loaded for size
(Font)              <12> on input line 4.
LaTeX Font Info:    External font `cmex10' loaded for size
(Font)              <8> on input line 4.
LaTeX Font Info:    External font `cmex10' loaded for size
(Font)              <6> on input line 4.

pdfTeX warning (ext4): destination with the same identifier (name{page.1}) has 
been already used, duplicate ignored
<to be read again> 
                   \relax 
l.42 ...r listado de reservas}{32}{subsection.6.2}
                                                  % [1])
\tf@toc=\write4
\openout4 = `documentacion.toc'.

 [2]
Overfull \hbox (0.78201pt too wide) in paragraph at lines 102--103
[]|\OT1/cmr/bx/n/12 MoSCoW| 
 []


Overfull \hbox (0.78201pt too wide) in paragraph at lines 107--108
[]|\OT1/cmr/bx/n/12 MoSCoW| 
 []

[3]
Overfull \hbox (0.78201pt too wide) in paragraph at lines 150--151
[]|\OT1/cmr/bx/n/12 MoSCoW| 
 []


Overfull \hbox (0.78201pt too wide) in paragraph at lines 155--156
[]|\OT1/cmr/bx/n/12 MoSCoW| 
 []


Underfull \hbox (badness 10000) in paragraph at lines 162--162
[]|\OT1/cmr/m/n/12 R.N.F.
 []


Underfull \hbox (badness 10000) in paragraph at lines 165--165
[]|\OT1/cmr/m/n/12 R.N.F.
 []

[4]
<imagenes/casos_de_uso.png, id=365, 1327.96124pt x 1148.03906pt>
File: imagenes/casos_de_uso.png Graphic file (type png)
<use imagenes/casos_de_uso.png>
Package pdftex.def Info: imagenes/casos_de_uso.png  used on input line 182.
(pdftex.def)             Requested size: 409.71692pt x 354.20674pt.
 [5
pdfTeX warning (ext4): destination with the same identifier (name{figure.1}) ha
s been already used, duplicate ignored
<argument> ...shipout:D \box_use:N \l_shipout_box 
                                                  \__shipout_drop_firstpage_...
l.202     \item E
                 l sistema muestra un mensaje de error indicando los campos ...
 <./imagenes/casos_de_uso.png>] [6] [7] [8] [9] [10]
<imagenes/clases_sencillo.png, id=447, 2401.47188pt x 676.02562pt>
File: imagenes/clases_sencillo.png Graphic file (type png)
<use imagenes/clases_sencillo.png>
Package pdftex.def Info: imagenes/clases_sencillo.png  used on input line 400.
(pdftex.def)             Requested size: 386.96027pt x 108.92963pt.

Overfull \hbox (0.2058pt too wide) in paragraph at lines 420--421
[]\OT1/cmtt/m/n/12 Quad(matricula: String, tipo: String, precioDia: double, des
cripcion:
 []


Overfull \hbox (5.1732pt too wide) in paragraph at lines 423--424
[]\OT1/cmtt/m/n/12 modificarDatos(tipo, precio: int, descripci^^Son: string): v
oid \OT1/cmr/m/n/12 Per-mi-te ac-
 []

[11
pdfTeX warning (ext4): destination with the same identifier (name{figure.2}) ha
s been already used, duplicate ignored
<argument> ...shipout:D \box_use:N \l_shipout_box 
                                                  \__shipout_drop_firstpage_...
l.437     \item \textbf
                       {nomCliente (string):} Nombre del cliente <./imagenes/cl
ases_sencillo.png>]
Overfull \hbox (55.78082pt too wide) in paragraph at lines 447--448
[]\OT1/cmtt/m/n/12 crearReserva(idReserva: int, nomCliente: String, telefono: i
nt, fechaRecogida:
 []


Overfull \hbox (0.83435pt too wide) in paragraph at lines 447--448
\OT1/cmtt/m/n/12 String, fechaDevolucion: String, quad: Quad, numCascos: int)\O
T1/cmr/m/n/12 : Cons-truc-
 []


Overfull \hbox (1.06287pt too wide) in paragraph at lines 459--460
[]\OT1/cmr/m/n/12 Aunque en el dia-gra-ma ini-cial apa-re-ce co-mo cla-se se-pa
-ra-da, se con-si-de-ra que \OT1/cmtt/m/n/12 numCascos
 []

[12]
<imagenes/secuencia_crear_quad.png, id=460, 1000.48781pt x 708.39656pt>
File: imagenes/secuencia_crear_quad.png Graphic file (type png)
<use imagenes/secuencia_crear_quad.png>
Package pdftex.def Info: imagenes/secuencia_crear_quad.png  used on input line 
475.
(pdftex.def)             Requested size: 341.43307pt x 241.74881pt.
<imagenes/secuencia_consultar_listado_quads.png, id=461, 910.90312pt x 383.9343
7pt>
File: imagenes/secuencia_consultar_listado_quads.png Graphic file (type png)
<use imagenes/secuencia_consultar_listado_quads.png>
Package pdftex.def Info: imagenes/secuencia_consultar_listado_quads.png  used o
n input line 483.
(pdftex.def)             Requested size: 341.43307pt x 143.91058pt.
File: imagenes/secuencia_crear_quad.png Graphic file (type png)
<use imagenes/secuencia_crear_quad.png>
Package pdftex.def Info: imagenes/secuencia_crear_quad.png  used on input line 
491.
(pdftex.def)             Requested size: 341.43307pt x 241.74881pt.
 [13
pdfTeX warning (ext4): destination with the same identifier (name{figure.3}) ha
s been already used, duplicate ignored
<argument> ...shipout:D \box_use:N \l_shipout_box 
                                                  \__shipout_drop_firstpage_...
l.494 
      
pdfTeX warning (ext4): destination with the same identifier (name{figure.4}) ha
s been already used, duplicate ignored
<argument> ...shipout:D \box_use:N \l_shipout_box 
                                                  \__shipout_drop_firstpage_...
l.494 
       <./imagenes/secuencia_crear_quad.png> <./imagenes/secuencia_consultar_li
stado_quads.png>]
<imagenes/secuencia_eliminar_quad.png, id=470, 947.03813pt x 808.52063pt>
File: imagenes/secuencia_eliminar_quad.png Graphic file (type png)
<use imagenes/secuencia_eliminar_quad.png>
Package pdftex.def Info: imagenes/secuencia_eliminar_quad.png  used on input li
ne 499.
(pdftex.def)             Requested size: 341.43307pt x 291.48666pt.
<imagenes/secuencia_calcular_precio.png, id=471, 1145.78062pt x 637.63219pt>
File: imagenes/secuencia_calcular_precio.png Graphic file (type png)
<use imagenes/secuencia_calcular_precio.png>
Package pdftex.def Info: imagenes/secuencia_calcular_precio.png  used on input 
line 507.
(pdftex.def)             Requested size: 341.43307pt x 190.00684pt.
 [14
pdfTeX warning (ext4): destination with the same identifier (name{figure.5}) ha
s been already used, duplicate ignored
<argument> ...shipout:D \box_use:N \l_shipout_box 
                                                  \__shipout_drop_firstpage_...
l.510 
      
pdfTeX warning (ext4): destination with the same identifier (name{figure.6}) ha
s been already used, duplicate ignored
<argument> ...shipout:D \box_use:N \l_shipout_box 
                                                  \__shipout_drop_firstpage_...
l.510 
       <./imagenes/secuencia_eliminar_quad.png>]
<imagenes/secuencia_consultar_listado_reservas.png, id=479, 640.64343pt x 323.7
0938pt>
File: imagenes/secuencia_consultar_listado_reservas.png Graphic file (type png)

<use imagenes/secuencia_consultar_listado_reservas.png>
Package pdftex.def Info: imagenes/secuencia_consultar_listado_reservas.png  use
d on input line 515.
(pdftex.def)             Requested size: 341.43307pt x 172.52339pt.
File: imagenes/secuencia_calcular_precio.png Graphic file (type png)
<use imagenes/secuencia_calcular_precio.png>
Package pdftex.def Info: imagenes/secuencia_calcular_precio.png  used on input 
line 523.
(pdftex.def)             Requested size: 341.43307pt x 190.00684pt.
 [15
pdfTeX warning (ext4): destination with the same identifier (name{figure.7}) ha
s been already used, duplicate ignored
<argument> ...shipout:D \box_use:N \l_shipout_box 
                                                  \__shipout_drop_firstpage_...
l.526 
      
pdfTeX warning (ext4): destination with the same identifier (name{figure.8}) ha
s been already used, duplicate ignored
<argument> ...shipout:D \box_use:N \l_shipout_box 
                                                  \__shipout_drop_firstpage_...
l.526 
       <./imagenes/secuencia_calcular_precio.png> <./imagenes/secuencia_consult
ar_listado_reservas.png>]
<imagenes/secuencia_eliminar_reserva.png, id=488, 556.32843pt x 335.00156pt>
File: imagenes/secuencia_eliminar_reserva.png Graphic file (type png)
<use imagenes/secuencia_eliminar_reserva.png>
Package pdftex.def Info: imagenes/secuencia_eliminar_reserva.png  used on input
 line 531.
(pdftex.def)             Requested size: 341.43307pt x 205.60301pt.
 [16
pdfTeX warning (ext4): destination with the same identifier (name{figure.9}) ha
s been already used, duplicate ignored
<argument> ...shipout:D \box_use:N \l_shipout_box 
                                                  \__shipout_drop_firstpage_...
l.535 \newpage
              
pdfTeX warning (ext4): destination with the same identifier (name{figure.10}) h
as been already used, duplicate ignored
<argument> ...shipout:D \box_use:N \l_shipout_box 
                                                  \__shipout_drop_firstpage_...
l.535 \newpage
               <./imagenes/secuencia_eliminar_reserva.png>]
<imagenes/pantalla_inicio.png, id=496, 204.01219pt x 366.61969pt>
File: imagenes/pantalla_inicio.png Graphic file (type png)
<use imagenes/pantalla_inicio.png>
Package pdftex.def Info: imagenes/pantalla_inicio.png  used on input line 545.
(pdftex.def)             Requested size: 204.85846pt x 368.15718pt.
<imagenes/pantalla_lista_quads.png, id=497, 203.25937pt x 365.86688pt>
File: imagenes/pantalla_lista_quads.png Graphic file (type png)
<use imagenes/pantalla_lista_quads.png>
Package pdftex.def Info: imagenes/pantalla_lista_quads.png  used on input line 
551.
(pdftex.def)             Requested size: 204.85846pt x 368.7578pt.
 [17
pdfTeX warning (ext4): destination with the same identifier (name{figure.11}) h
as been already used, duplicate ignored
<argument> ...shipout:D \box_use:N \l_shipout_box 
                                                  \__shipout_drop_firstpage_...
l.554 
       <./imagenes/pantalla_inicio.png>]
<imagenes/pantalla_anadir_quad.png, id=504, 203.25937pt x 365.11406pt>
File: imagenes/pantalla_anadir_quad.png Graphic file (type png)
<use imagenes/pantalla_anadir_quad.png>
Package pdftex.def Info: imagenes/pantalla_anadir_quad.png  used on input line 
557.
(pdftex.def)             Requested size: 204.85846pt x 367.99902pt.
 [18
pdfTeX warning (ext4): destination with the same identifier (name{figure.12}) h
as been already used, duplicate ignored
<argument> ...shipout:D \box_use:N \l_shipout_box 
                                                  \__shipout_drop_firstpage_...
l.560 
       <./imagenes/pantalla_lista_quads.png>]
<imagenes/pantalla_datos_quad.png, id=512, 205.5178pt x 367.3725pt>
File: imagenes/pantalla_datos_quad.png Graphic file (type png)
<use imagenes/pantalla_datos_quad.png>
Package pdftex.def Info: imagenes/pantalla_datos_quad.png  used on input line 5
63.
(pdftex.def)             Requested size: 204.85846pt x 366.19438pt.
 [19
pdfTeX warning (ext4): destination with the same identifier (name{figure.13}) h
as been already used, duplicate ignored
<argument> ...shipout:D \box_use:N \l_shipout_box 
                                                  \__shipout_drop_firstpage_...
l.566 
       <./imagenes/pantalla_anadir_quad.png>]
<imagenes/pantalla_lista_reservas.png, id=519, 206.27063pt x 367.3725pt>
File: imagenes/pantalla_lista_reservas.png Graphic file (type png)
<use imagenes/pantalla_lista_reservas.png>
Package pdftex.def Info: imagenes/pantalla_lista_reservas.png  used on input li
ne 569.
(pdftex.def)             Requested size: 204.85846pt x 364.86024pt.
 [20
pdfTeX warning (ext4): destination with the same identifier (name{figure.14}) h
as been already used, duplicate ignored
<argument> ...shipout:D \box_use:N \l_shipout_box 
                                                  \__shipout_drop_firstpage_...
l.572 
       <./imagenes/pantalla_datos_quad.png>]
<imagenes/pantalla_anadir_reserva.png, id=526, 474.27188pt x 852.18375pt>
File: imagenes/pantalla_anadir_reserva.png Graphic file (type png)
<use imagenes/pantalla_anadir_reserva.png>
Package pdftex.def Info: imagenes/pantalla_anadir_reserva.png  used on input li
ne 575.
(pdftex.def)             Requested size: 204.85846pt x 368.09628pt.
 [21
pdfTeX warning (ext4): destination with the same identifier (name{figure.15}) h
as been already used, duplicate ignored
<argument> ...shipout:D \box_use:N \l_shipout_box 
                                                  \__shipout_drop_firstpage_...
l.578 
       <./imagenes/pantalla_lista_reservas.png>]
<imagenes/pantalla_reserva_especifica.png, id=533, 204.765pt x 365.86688pt>
File: imagenes/pantalla_reserva_especifica.png Graphic file (type png)
<use imagenes/pantalla_reserva_especifica.png>
Package pdftex.def Info: imagenes/pantalla_reserva_especifica.png  used on inpu
t line 581.
(pdftex.def)             Requested size: 204.85846pt x 366.05579pt.
 [22
pdfTeX warning (ext4): destination with the same identifier (name{figure.16}) h
as been already used, duplicate ignored
<argument> ...shipout:D \box_use:N \l_shipout_box 
                                                  \__shipout_drop_firstpage_...
l.584 
       <./imagenes/pantalla_anadir_reserva.png>] [23
pdfTeX warning (ext4): destination with the same identifier (name{figure.17}) h
as been already used, duplicate ignored
<argument> ...shipout:D \box_use:N \l_shipout_box 
                                                  \__shipout_drop_firstpage_...
l.593 \newpage
               <./imagenes/pantalla_reserva_especifica.png>]
<imagenes/mapa_navegacion.png, id=546, 1304.62407pt x 1254.18562pt>
File: imagenes/mapa_navegacion.png Graphic file (type png)
<use imagenes/mapa_navegacion.png>
Package pdftex.def Info: imagenes/mapa_navegacion.png  used on input line 599.
(pdftex.def)             Requested size: 409.71692pt x 393.88405pt.
 [24
pdfTeX warning (ext4): destination with the same identifier (name{figure.18}) h
as been already used, duplicate ignored
<argument> ...shipout:D \box_use:N \l_shipout_box 
                                                  \__shipout_drop_firstpage_...
l.605 \newpage
               <./imagenes/mapa_navegacion.png>]
<imagenes/diagrama_entidad_relacion.png, id=554, 702.37407pt x 111.41624pt>
File: imagenes/diagrama_entidad_relacion.png Graphic file (type png)
<use imagenes/diagrama_entidad_relacion.png>
Package pdftex.def Info: imagenes/diagrama_entidad_relacion.png  used on input 
line 613.
(pdftex.def)             Requested size: 364.19667pt x 57.77356pt.

(C:\Users\ruvia\AppData\Local\Programs\MiKTeX\tex/latex/listings\lstlang1.sty
File: lstlang1.sty 2023/02/27 1.9 listings language file
)
LaTeX Font Info:    Font shape `OT1/cmtt/bx/n' in size <10.95> not available
(Font)              Font shape `OT1/cmtt/m/n' tried instead on input line 624.

[25
pdfTeX warning (ext4): destination with the same identifier (name{figure.19}) h
as been already used, duplicate ignored
<argument> ...shipout:D \box_use:N \l_shipout_box 
                                                  \__shipout_drop_firstpage_...
l.654     FOREIGN 
                  KEY (id_quad_fk) REFERENCES Quad (id_quad) <./imagenes/diagra
ma_entidad_relacion.png>]
<imagenes/diagrama_paquetes.png, id=598, 805.50937pt x 548.80031pt>
File: imagenes/diagrama_paquetes.png Graphic file (type png)
<use imagenes/diagrama_paquetes.png>
Package pdftex.def Info: imagenes/diagrama_paquetes.png  used on input line 662
.
(pdftex.def)             Requested size: 386.96027pt x 263.63887pt.
<imagenes/diagrama_componentes.png, id=599, 212.29312pt x 216.05719pt>
File: imagenes/diagrama_componentes.png Graphic file (type png)
<use imagenes/diagrama_componentes.png>
Package pdftex.def Info: imagenes/diagrama_componentes.png  used on input line 
676.
(pdftex.def)             Requested size: 318.66948pt x 324.33551pt.
 [26
pdfTeX warning (ext4): destination with the same identifier (name{figure.20}) h
as been already used, duplicate ignored
<argument> ...shipout:D \box_use:N \l_shipout_box 
                                                  \__shipout_drop_firstpage_...
l.679 
       <./imagenes/diagrama_paquetes.png>]
<imagenes/diagrama_despliegue.png, id=609, 462.97969pt x 331.2375pt>
File: imagenes/diagrama_despliegue.png Graphic file (type png)
<use imagenes/diagrama_despliegue.png>
Package pdftex.def Info: imagenes/diagrama_despliegue.png  used on input line 6
86.
(pdftex.def)             Requested size: 318.66948pt x 227.99309pt.
 [27
pdfTeX warning (ext4): destination with the same identifier (name{figure.21}) h
as been already used, duplicate ignored
<argument> ...shipout:D \box_use:N \l_shipout_box 
                                                  \__shipout_drop_firstpage_...
l.689 
       <./imagenes/diagrama_componentes.png>] [28
pdfTeX warning (ext4): destination with the same identifier (name{figure.22}) h
as been already used, duplicate ignored
<argument> ...shipout:D \box_use:N \l_shipout_box 
                                                  \__shipout_drop_firstpage_...
l.692 \newpage
               <./imagenes/diagrama_despliegue.png>]
<imagenes/clases_diseño.png, id=622, 2351.03343pt x 1206.75844pt>
File: imagenes/clases_diseño.png Graphic file (type png)
<use imagenes/clases_diseño.png>
Package pdftex.def Info: imagenes/clases_diseño.png  used on input line 698.
(pdftex.def)             Requested size: 409.71692pt x 210.30203pt.
 [29
pdfTeX warning (ext4): destination with the same identifier (name{figure.23}) h
as been already used, duplicate ignored
<argument> ...shipout:D \box_use:N \l_shipout_box 
                                                  \__shipout_drop_firstpage_...
l.704 \newpage
               <./imagenes/clases_diseño.png>]
<imagenes/secuencia_diseno_crear_reserva.png, id=629, 816.80156pt x 581.92406pt
>
File: imagenes/secuencia_diseno_crear_reserva.png Graphic file (type png)
<use imagenes/secuencia_diseno_crear_reserva.png>
Package pdftex.def Info: imagenes/secuencia_diseno_crear_reserva.png  used on i
nput line 712.
(pdftex.def)             Requested size: 386.96027pt x 275.68869pt.
<imagenes/secuencia_diseno_listar_reserva.png, id=630, 2225.31375pt x 1273.7587
4pt>
File: imagenes/secuencia_diseno_listar_reserva.png Graphic file (type png)
<use imagenes/secuencia_diseno_listar_reserva.png>
Package pdftex.def Info: imagenes/secuencia_diseno_listar_reserva.png  used on 
input line 722.
(pdftex.def)             Requested size: 386.96027pt x 221.4923pt.
 [30
pdfTeX warning (ext4): destination with the same identifier (name{figure.24}) h
as been already used, duplicate ignored
<argument> ...shipout:D \box_use:N \l_shipout_box 
                                                  \__shipout_drop_firstpage_...
l.725 
       <./imagenes/secuencia_diseno_crear_reserva.png>]
<imagenes/secuencia_diseno_eliminar_reserva.png, id=638, 2415.0225pt x 1125.454
68pt>
File: imagenes/secuencia_diseno_eliminar_reserva.png Graphic file (type png)
<use imagenes/secuencia_diseno_eliminar_reserva.png>
Package pdftex.def Info: imagenes/secuencia_diseno_eliminar_reserva.png  used o
n input line 732.
(pdftex.def)             Requested size: 386.96027pt x 180.31685pt.
 [31
pdfTeX warning (ext4): destination with the same identifier (name{figure.25}) h
as been already used, duplicate ignored
<argument> ...shipout:D \box_use:N \l_shipout_box 
                                                  \__shipout_drop_firstpage_...
l.738 \newpage
              
pdfTeX warning (ext4): destination with the same identifier (name{figure.26}) h
as been already used, duplicate ignored
<argument> ...shipout:D \box_use:N \l_shipout_box 
                                                  \__shipout_drop_firstpage_...
l.738 \newpage
               <./imagenes/secuencia_diseno_listar_reserva.png> <./imagenes/sec
uencia_diseno_eliminar_reserva.png>]
Overfull \hbox (1.19113pt too wide) in paragraph at lines 749--750
[]\OT1/cmr/bx/n/12 Android Stu-dio: \OT1/cmr/m/n/12 IDE ofi-cial pa-ra de-sa-rr
o-llo An-dro-id (ver-si^^Son Hed-gehog | 2023.1.1
 []

[32] [33]
Overfull \hbox (7.96216pt too wide) in paragraph at lines 858--859
[]\OT1/cmr/m/n/12 Campos: id[]reserva, nom-bre[]cliente, te-le-fono[]cliente, f
e-cha[]recogida, fe-cha[]devolucion,
 []

[34] [35] [36] [37] [38]
Overfull \hbox (7.42305pt too wide) in paragraph at lines 1033--1035
\OT1/cmr/m/n/12 Disponible en: [][]$\OT1/cmtt/m/n/12 https : / / stackoverflow 
. com / questions / tagged / visual-[]paradigm$[][] 
 []

[39] (documentacion.aux
LaTeX Info: Redefining \. on input line 11.
LaTeX Info: Redefining \% on input line 11.
)
 ***********
LaTeX2e <2023-11-01> patch level 1
L3 programming layer <2024-01-04>
 ***********
Package rerunfilecheck Info: File `documentacion.out' has not changed.
(rerunfilecheck)             Checksum: 5EA93A0A2BF1FF7A5864CA8825D3292C;11445.
 ) 
Here is how much of TeX's memory you used:
 14471 strings out of 474486
 229809 string characters out of 5743754
 1980542 words of memory out of 5000000
 36341 multiletter control sequences out of 15000+600000
 565028 words of font info for 60 fonts, out of 8000000 for 9000
 1141 hyphenation exceptions out of 8191
 75i,13n,79p,557b,2235s stack positions out of 10000i,1000n,20000p,200000b,200000s
 <C:\Users\ruvia\AppData\Local\MiKTeX\fonts/pk/ljfour/jknappen/ec/dpi600\tcbx
1200.pk><C:/Users/ruvia/AppData/Local/Programs/MiKTeX/fonts/type1/public/amsfon
ts/cm/cmbx12.pfb><C:/Users/ruvia/AppData/Local/Programs/MiKTeX/fonts/type1/publ
ic/amsfonts/cm/cmitt10.pfb><C:/Users/ruvia/AppData/Local/Programs/MiKTeX/fonts/
type1/public/amsfonts/cm/cmr10.pfb><C:/Users/ruvia/AppData/Local/Programs/MiKTe
X/fonts/type1/public/amsfonts/cm/cmr12.pfb><C:/Users/ruvia/AppData/Local/Progra
ms/MiKTeX/fonts/type1/public/amsfonts/cm/cmr17.pfb><C:/Users/ruvia/AppData/Loca
l/Programs/MiKTeX/fonts/type1/public/amsfonts/cm/cmti12.pfb><C:/Users/ruvia/App
Data/Local/Programs/MiKTeX/fonts/type1/public/amsfonts/cm/cmtt10.pfb><C:/Users/
ruvia/AppData/Local/Programs/MiKTeX/fonts/type1/public/amsfonts/cm/cmtt12.pfb>
Output written on documentacion.pdf (40 pages, 1740874 bytes).
PDF statistics:
 821 PDF objects out of 1000 (max. 8388607)
 261 named destinations out of 1000 (max. 500000)
 657 words of extra memory for PDF output out of 10000 (max. 10000000)

