\BOOKMARK [1][-]{section.1}{\376\377\000I\000n\000t\000r\000o\000d\000u\000c\000c\000i\000\363\000n\000\040\000y\000\040\000o\000b\000j\000e\000t\000i\000v\000o\000s}{}% 1
\BOOKMARK [1][-]{section.2}{\376\377\000R\000e\000q\000u\000i\000s\000i\000t\000o\000s}{}% 2
\BOOKMARK [2][-]{subsection.2.1}{\376\377\000R\000e\000q\000u\000i\000s\000i\000t\000o\000s\000\040\000F\000u\000n\000c\000i\000o\000n\000a\000l\000e\000s}{section.2}% 3
\BOOKMARK [2][-]{subsection.2.2}{\376\377\000R\000e\000q\000u\000i\000s\000i\000t\000o\000s\000\040\000N\000o\000\040\000F\000u\000n\000c\000i\000o\000n\000a\000l\000e\000s}{section.2}% 4
\BOOKMARK [1][-]{section.3}{\376\377\000R\000e\000s\000t\000r\000i\000c\000c\000i\000o\000n\000e\000s}{}% 5
\BOOKMARK [1][-]{section.4}{\376\377\000A\000n\000\341\000l\000i\000s\000i\000s}{}% 6
\BOOKMARK [2][-]{subsection.4.1}{\376\377\000D\000i\000a\000g\000r\000a\000m\000a\000\040\000d\000e\000\040\000c\000a\000s\000o\000s\000\040\000d\000e\000\040\000u\000s\000o}{section.4}% 7
\BOOKMARK [3][-]{subsubsection.4.1.1}{\376\377\000A\000\361\000a\000d\000i\000r\000\040\000n\000u\000e\000v\000o\000\040\000q\000u\000a\000d}{subsection.4.1}% 8
\BOOKMARK [3][-]{subsubsection.4.1.2}{\376\377\000C\000o\000n\000s\000u\000l\000t\000a\000r\000\040\000l\000i\000s\000t\000a\000d\000o\000\040\000d\000e\000\040\000q\000u\000a\000d\000s}{subsection.4.1}% 9
\BOOKMARK [3][-]{subsubsection.4.1.3}{\376\377\000M\000o\000d\000i\000f\000i\000c\000a\000r\000\040\000d\000a\000t\000o\000s\000\040\000q\000u\000a\000d}{subsection.4.1}% 10
\BOOKMARK [3][-]{subsubsection.4.1.4}{\376\377\000E\000l\000i\000m\000i\000n\000a\000r\000\040\000q\000u\000a\000d}{subsection.4.1}% 11
\BOOKMARK [3][-]{subsubsection.4.1.5}{\376\377\000C\000r\000e\000a\000r\000\040\000r\000e\000s\000e\000r\000v\000a}{subsection.4.1}% 12
\BOOKMARK [3][-]{subsubsection.4.1.6}{\376\377\000C\000o\000n\000s\000u\000l\000t\000a\000r\000\040\000l\000i\000s\000t\000a\000d\000o\000\040\000d\000e\000\040\000r\000e\000s\000e\000r\000v\000a\000s}{subsection.4.1}% 13
\BOOKMARK [3][-]{subsubsection.4.1.7}{\376\377\000M\000o\000d\000i\000f\000i\000c\000a\000r\000\040\000r\000e\000s\000e\000r\000v\000a}{subsection.4.1}% 14
\BOOKMARK [3][-]{subsubsection.4.1.8}{\376\377\000E\000l\000i\000m\000i\000n\000a\000r\000\040\000r\000e\000s\000e\000r\000v\000a}{subsection.4.1}% 15
\BOOKMARK [3][-]{subsubsection.4.1.9}{\376\377\000C\000a\000l\000c\000u\000l\000a\000r\000\040\000p\000r\000e\000c\000i\000o\000\040\000d\000e\000\040\000l\000a\000\040\000r\000e\000s\000e\000r\000v\000a}{subsection.4.1}% 16
\BOOKMARK [3][-]{subsubsection.4.1.10}{\376\377\000E\000n\000v\000i\000a\000r\000\040\000i\000n\000f\000o\000r\000m\000a\000c\000i\000\363\000n\000\040\000d\000e\000\040\000l\000a\000\040\000r\000e\000s\000e\000r\000v\000a\000\040\000a\000l\000\040\000c\000l\000i\000e\000n\000t\000e}{subsection.4.1}% 17
\BOOKMARK [2][-]{subsection.4.2}{\376\377\000D\000i\000a\000g\000r\000a\000m\000a\000\040\000d\000e\000\040\000c\000l\000a\000s\000e\000s}{section.4}% 18
\BOOKMARK [3][-]{subsubsection.4.2.1}{\376\377\000C\000l\000a\000s\000e\000\040\000Q\000u\000a\000d}{subsection.4.2}% 19
\BOOKMARK [3][-]{subsubsection.4.2.2}{\376\377\000C\000l\000a\000s\000e\000\040\000R\000e\000s\000e\000r\000v\000a}{subsection.4.2}% 20
\BOOKMARK [3][-]{subsubsection.4.2.3}{\376\377\000E\000n\000t\000i\000d\000a\000d\000\040\000C\000a\000s\000c\000o\000s}{subsection.4.2}% 21
\BOOKMARK [3][-]{subsubsection.4.2.4}{\376\377\000R\000e\000l\000a\000c\000i\000o\000n\000e\000s\000\040\000e\000n\000t\000r\000e\000\040\000c\000l\000a\000s\000e\000s}{subsection.4.2}% 22
\BOOKMARK [2][-]{subsection.4.3}{\376\377\000D\000i\000a\000g\000r\000a\000m\000a\000s\000\040\000d\000e\000\040\000s\000e\000c\000u\000e\000n\000c\000i\000a}{section.4}% 23
\BOOKMARK [3][-]{subsubsection.4.3.1}{\376\377\000A\000\361\000a\000d\000i\000r\000\040\000n\000u\000e\000v\000o\000\040\000q\000u\000a\000d}{subsection.4.3}% 24
\BOOKMARK [3][-]{subsubsection.4.3.2}{\376\377\000C\000o\000n\000s\000u\000l\000t\000a\000r\000\040\000l\000i\000s\000t\000a\000d\000o\000\040\000d\000e\000\040\000q\000u\000a\000d\000s}{subsection.4.3}% 25
\BOOKMARK [3][-]{subsubsection.4.3.3}{\376\377\000M\000o\000d\000i\000f\000i\000c\000a\000r\000\040\000q\000u\000a\000d}{subsection.4.3}% 26
\BOOKMARK [3][-]{subsubsection.4.3.4}{\376\377\000E\000l\000i\000m\000i\000n\000a\000r\000\040\000q\000u\000a\000d}{subsection.4.3}% 27
\BOOKMARK [3][-]{subsubsection.4.3.5}{\376\377\000C\000r\000e\000a\000r\000\040\000r\000e\000s\000e\000r\000v\000a}{subsection.4.3}% 28
\BOOKMARK [3][-]{subsubsection.4.3.6}{\376\377\000C\000o\000n\000s\000u\000l\000t\000a\000r\000\040\000l\000i\000s\000t\000a\000d\000o\000\040\000d\000e\000\040\000r\000e\000s\000e\000r\000v\000a\000s}{subsection.4.3}% 29
\BOOKMARK [3][-]{subsubsection.4.3.7}{\376\377\000M\000o\000d\000i\000f\000i\000c\000a\000r\000\040\000r\000e\000s\000e\000r\000v\000a}{subsection.4.3}% 30
\BOOKMARK [3][-]{subsubsection.4.3.8}{\376\377\000E\000l\000i\000m\000i\000n\000a\000r\000\040\000r\000e\000s\000e\000r\000v\000a}{subsection.4.3}% 31
\BOOKMARK [2][-]{subsection.4.4}{\376\377\000P\000r\000o\000t\000o\000t\000i\000p\000o\000s\000\040\000d\000e\000\040\000p\000a\000n\000t\000a\000l\000l\000a}{section.4}% 32
\BOOKMARK [2][-]{subsection.4.5}{\376\377\000M\000a\000p\000a\000\040\000d\000e\000\040\000n\000a\000v\000e\000g\000a\000c\000i\000\363\000n}{section.4}% 33
\BOOKMARK [2][-]{subsection.4.6}{\376\377\000M\000o\000d\000e\000l\000o\000\040\000l\000\363\000g\000i\000c\000o\000\040\000d\000e\000\040\000l\000a\000\040\000b\000a\000s\000e\000\040\000d\000e\000\040\000d\000a\000t\000o\000s\000\040\000r\000e\000l\000a\000c\000i\000o\000n\000a\000l}{section.4}% 34
\BOOKMARK [2][-]{subsection.4.7}{\376\377\000D\000i\000a\000g\000r\000a\000m\000a\000\040\000d\000e\000\040\000p\000a\000q\000u\000e\000t\000e\000s}{section.4}% 35
\BOOKMARK [2][-]{subsection.4.8}{\376\377\000D\000i\000a\000g\000r\000a\000m\000a\000\040\000d\000e\000\040\000c\000o\000m\000p\000o\000n\000e\000n\000t\000e\000s}{section.4}% 36
\BOOKMARK [2][-]{subsection.4.9}{\376\377\000D\000i\000a\000g\000r\000a\000m\000a\000\040\000d\000e\000\040\000d\000e\000s\000p\000l\000i\000e\000g\000u\000e}{section.4}% 37
\BOOKMARK [1][-]{section.5}{\376\377\000D\000i\000s\000e\000\361\000o\000\040\000d\000e\000\040\000o\000b\000j\000e\000t\000o\000s}{}% 38
\BOOKMARK [1][-]{section.6}{\376\377\000D\000i\000a\000g\000r\000a\000m\000a\000s\000\040\000d\000e\000\040\000s\000e\000c\000u\000e\000n\000c\000i\000a\000\040\000d\000e\000\040\000d\000i\000s\000e\000\361\000o}{}% 39
\BOOKMARK [2][-]{subsection.6.1}{\376\377\000C\000r\000e\000a\000r\000\040\000r\000e\000s\000e\000r\000v\000a}{section.6}% 40
\BOOKMARK [2][-]{subsection.6.2}{\376\377\000O\000b\000t\000e\000n\000e\000r\000\040\000l\000i\000s\000t\000a\000d\000o\000\040\000d\000e\000\040\000r\000e\000s\000e\000r\000v\000a\000s}{section.6}% 41
\BOOKMARK [2][-]{subsection.6.3}{\376\377\000E\000l\000i\000m\000i\000n\000a\000r\000\040\000R\000e\000s\000e\000r\000v\000a}{section.6}% 42
\BOOKMARK [1][-]{section.7}{\376\377\000I\000m\000p\000l\000e\000m\000e\000n\000t\000a\000c\000i\000\363\000n\000\040\000e\000n\000\040\000A\000n\000d\000r\000o\000i\000d\000\040\000S\000t\000u\000d\000i\000o}{}% 43
\BOOKMARK [2][-]{subsection.7.1}{\376\377\000T\000e\000c\000n\000o\000l\000o\000g\000\355\000a\000s\000\040\000y\000\040\000h\000e\000r\000r\000a\000m\000i\000e\000n\000t\000a\000s\000\040\000u\000t\000i\000l\000i\000z\000a\000d\000a\000s}{section.7}% 44
\BOOKMARK [3][-]{subsubsection.7.1.1}{\376\377\000E\000n\000t\000o\000r\000n\000o\000\040\000d\000e\000\040\000d\000e\000s\000a\000r\000r\000o\000l\000l\000o}{subsection.7.1}% 45
\BOOKMARK [3][-]{subsubsection.7.1.2}{\376\377\000B\000i\000b\000l\000i\000o\000t\000e\000c\000a\000s\000\040\000y\000\040\000f\000r\000a\000m\000e\000w\000o\000r\000k\000s}{subsection.7.1}% 46
\BOOKMARK [2][-]{subsection.7.2}{\376\377\000A\000r\000q\000u\000i\000t\000e\000c\000t\000u\000r\000a\000\040\000d\000e\000\040\000l\000a\000\040\000a\000p\000l\000i\000c\000a\000c\000i\000\363\000n}{section.7}% 47
\BOOKMARK [3][-]{subsubsection.7.2.1}{\376\377\000C\000a\000p\000a\000s\000\040\000d\000e\000\040\000l\000a\000\040\000a\000r\000q\000u\000i\000t\000e\000c\000t\000u\000r\000a}{subsection.7.2}% 48
\BOOKMARK [2][-]{subsection.7.3}{\376\377\000E\000s\000t\000r\000u\000c\000t\000u\000r\000a\000\040\000d\000e\000l\000\040\000p\000r\000o\000y\000e\000c\000t\000o}{section.7}% 49
\BOOKMARK [2][-]{subsection.7.4}{\376\377\000I\000m\000p\000l\000e\000m\000e\000n\000t\000a\000c\000i\000\363\000n\000\040\000d\000e\000\040\000l\000a\000\040\000b\000a\000s\000e\000\040\000d\000e\000\040\000d\000a\000t\000o\000s}{section.7}% 50
\BOOKMARK [3][-]{subsubsection.7.4.1}{\376\377\000E\000n\000t\000i\000d\000a\000d\000e\000s\000\040\000R\000o\000o\000m}{subsection.7.4}% 51
\BOOKMARK [3][-]{subsubsection.7.4.2}{\376\377\000D\000a\000t\000a\000\040\000A\000c\000c\000e\000s\000s\000\040\000O\000b\000j\000e\000c\000t\000s\000\040\000\050\000D\000A\000O\000s\000\051}{subsection.7.4}% 52
\BOOKMARK [2][-]{subsection.7.5}{\376\377\000I\000m\000p\000l\000e\000m\000e\000n\000t\000a\000c\000i\000\363\000n\000\040\000d\000e\000\040\000l\000a\000\040\000i\000n\000t\000e\000r\000f\000a\000z\000\040\000d\000e\000\040\000u\000s\000u\000a\000r\000i\000o}{section.7}% 53
\BOOKMARK [3][-]{subsubsection.7.5.1}{\376\377\000M\000a\000i\000n\000A\000c\000t\000i\000v\000i\000t\000y}{subsection.7.5}% 54
\BOOKMARK [3][-]{subsubsection.7.5.2}{\376\377\000G\000e\000s\000t\000i\000\363\000n\000\040\000d\000e\000\040\000Q\000u\000a\000d\000s}{subsection.7.5}% 55
\BOOKMARK [3][-]{subsubsection.7.5.3}{\376\377\000G\000e\000s\000t\000i\000\363\000n\000\040\000d\000e\000\040\000R\000e\000s\000e\000r\000v\000a\000s}{subsection.7.5}% 56
\BOOKMARK [2][-]{subsection.7.6}{\376\377\000F\000u\000n\000c\000i\000o\000n\000a\000l\000i\000d\000a\000d\000e\000s\000\040\000i\000m\000p\000l\000e\000m\000e\000n\000t\000a\000d\000a\000s}{section.7}% 57
\BOOKMARK [3][-]{subsubsection.7.6.1}{\376\377\000V\000a\000l\000i\000d\000a\000c\000i\000o\000n\000e\000s}{subsection.7.6}% 58
\BOOKMARK [3][-]{subsubsection.7.6.2}{\376\377\000C\000\341\000l\000c\000u\000l\000o\000\040\000d\000e\000\040\000p\000r\000e\000c\000i\000o}{subsection.7.6}% 59
\BOOKMARK [3][-]{subsubsection.7.6.3}{\376\377\000E\000n\000v\000\355\000o\000\040\000d\000e\000\040\000S\000M\000S}{subsection.7.6}% 60
\BOOKMARK [2][-]{subsection.7.7}{\376\377\000P\000e\000r\000s\000i\000s\000t\000e\000n\000c\000i\000a\000\040\000d\000e\000\040\000d\000a\000t\000o\000s}{section.7}% 61
\BOOKMARK [3][-]{subsubsection.7.7.1}{\376\377\000R\000o\000o\000m\000\040\000D\000a\000t\000a\000b\000a\000s\000e}{subsection.7.7}% 62
\BOOKMARK [3][-]{subsubsection.7.7.2}{\376\377\000R\000e\000p\000o\000s\000i\000t\000o\000r\000i\000e\000s}{subsection.7.7}% 63
\BOOKMARK [2][-]{subsection.7.8}{\376\377\000G\000e\000s\000t\000i\000\363\000n\000\040\000d\000e\000l\000\040\000c\000i\000c\000l\000o\000\040\000d\000e\000\040\000v\000i\000d\000a}{section.7}% 64
\BOOKMARK [3][-]{subsubsection.7.8.1}{\376\377\000V\000i\000e\000w\000M\000o\000d\000e\000l\000s}{subsection.7.8}% 65
\BOOKMARK [3][-]{subsubsection.7.8.2}{\376\377\000L\000i\000v\000e\000D\000a\000t\000a}{subsection.7.8}% 66
\BOOKMARK [1][-]{section.8}{\376\377\000B\000i\000b\000l\000i\000o\000g\000r\000a\000f\000\355\000a}{}% 67
